2022-08-06T14:04:04+00:00 CRITICAL Uncaught ArgumentCountError: 3 arguments are required, 2 given in /Users/ilhamtaufiq/www/wordpress/wp-admin/includes/class-bulk-upgrader-skin.php:156
Stack trace:
#0 /Users/ilhamtaufiq/www/wordpress/wp-admin/includes/class-bulk-upgrader-skin.php(156): sprintf('%1$s installed ...', 'Contact Form 7')
#1 /Users/ilhamtaufiq/www/wordpress/wp-content/themes/bacola/includes/class-tgm-plugin-activation.php(3638): Bulk_Upgrader_Skin->after('Contact Form 7')
#2 /Users/ilhamtaufiq/www/wordpress/wp-admin/includes/class-wp-upgrader.php(824): TGMPA_Bulk_Installer_Skin->after()
#3 /Users/ilhamtaufiq/www/wordpress/wp-content/themes/bacola/includes/class-tgm-plugin-activation.php(3258): WP_Upgrader->run(Array)
#4 /Users/ilhamtaufiq/www/wordpress/wp-content/themes/bacola/includes/class-tgm-plugin-activation.php(3371): TGMPA_Bulk_Installer->run(Array)
#5 /Users/ilhamtaufiq/www/wordpress/wp-content/themes/bacola/includes/class-tgm-plugin-activation.php(2977): TGMPA_Bulk_Installer->bulk_install(Array)
#6 /Users/ilhamtaufiq/www/wordpress/wp-content/themes/bacola/includes/class-tgm-plugin-activation.php(743): TGMPA_List_Table->process_bulk_actions()
#7 /Users/ilhamtaufiq/www/wordpress/wp-includes/class-wp-hook.php(307): TGM_Plugin_Activation->install_plugins_page('')
#8 /Users/ilhamtaufiq/www/wordpress/wp-includes/class-wp-hook.php(331): WP_Hook->apply_filters('', Array)
#9 /Users/ilhamtaufiq/www/wordpress/wp-includes/plugin.php(476): WP_Hook->do_action(Array)
#10 /Users/ilhamtaufiq/www/wordpress/wp-admin/admin.php(259): do_action('appearance_page...')
#11 /Users/ilhamtaufiq/www/wordpress/wp-admin/themes.php(10): require_once('/Users/ilhamtau...')
#12 {main}
  thrown in /Users/ilhamtaufiq/www/wordpress/wp-admin/includes/class-bulk-upgrader-skin.php on line 156

2022-08-06T14:05:01+00:00 CRITICAL Uncaught ArgumentCountError: 3 arguments are required, 2 given in /Users/ilhamtaufiq/www/wordpress/wp-admin/includes/class-bulk-upgrader-skin.php:156
Stack trace:
#0 /Users/ilhamtaufiq/www/wordpress/wp-admin/includes/class-bulk-upgrader-skin.php(156): sprintf('%1$s installed ...', 'Kirki')
#1 /Users/ilhamtaufiq/www/wordpress/wp-content/themes/bacola/includes/class-tgm-plugin-activation.php(3638): Bulk_Upgrader_Skin->after('Kirki')
#2 /Users/ilhamtaufiq/www/wordpress/wp-admin/includes/class-wp-upgrader.php(824): TGMPA_Bulk_Installer_Skin->after()
#3 /Users/ilhamtaufiq/www/wordpress/wp-content/themes/bacola/includes/class-tgm-plugin-activation.php(3258): WP_Upgrader->run(Array)
#4 /Users/ilhamtaufiq/www/wordpress/wp-content/themes/bacola/includes/class-tgm-plugin-activation.php(3371): TGMPA_Bulk_Installer->run(Array)
#5 /Users/ilhamtaufiq/www/wordpress/wp-content/themes/bacola/includes/class-tgm-plugin-activation.php(2977): TGMPA_Bulk_Installer->bulk_install(Array)
#6 /Users/ilhamtaufiq/www/wordpress/wp-content/themes/bacola/includes/class-tgm-plugin-activation.php(743): TGMPA_List_Table->process_bulk_actions()
#7 /Users/ilhamtaufiq/www/wordpress/wp-includes/class-wp-hook.php(307): TGM_Plugin_Activation->install_plugins_page('')
#8 /Users/ilhamtaufiq/www/wordpress/wp-includes/class-wp-hook.php(331): WP_Hook->apply_filters('', Array)
#9 /Users/ilhamtaufiq/www/wordpress/wp-includes/plugin.php(476): WP_Hook->do_action(Array)
#10 /Users/ilhamtaufiq/www/wordpress/wp-admin/admin.php(259): do_action('appearance_page...')
#11 /Users/ilhamtaufiq/www/wordpress/wp-admin/themes.php(10): require_once('/Users/ilhamtau...')
#12 {main}
  thrown in /Users/ilhamtaufiq/www/wordpress/wp-admin/includes/class-bulk-upgrader-skin.php on line 156

2022-08-06T14:05:38+00:00 CRITICAL Uncaught ArgumentCountError: 3 arguments are required, 2 given in /Users/ilhamtaufiq/www/wordpress/wp-admin/includes/class-bulk-upgrader-skin.php:156
Stack trace:
#0 /Users/ilhamtaufiq/www/wordpress/wp-admin/includes/class-bulk-upgrader-skin.php(156): sprintf('%1$s installed ...', 'MailChimp Subsc...')
#1 /Users/ilhamtaufiq/www/wordpress/wp-content/themes/bacola/includes/class-tgm-plugin-activation.php(3638): Bulk_Upgrader_Skin->after('MailChimp Subsc...')
#2 /Users/ilhamtaufiq/www/wordpress/wp-admin/includes/class-wp-upgrader.php(824): TGMPA_Bulk_Installer_Skin->after()
#3 /Users/ilhamtaufiq/www/wordpress/wp-content/themes/bacola/includes/class-tgm-plugin-activation.php(3258): WP_Upgrader->run(Array)
#4 /Users/ilhamtaufiq/www/wordpress/wp-content/themes/bacola/includes/class-tgm-plugin-activation.php(3371): TGMPA_Bulk_Installer->run(Array)
#5 /Users/ilhamtaufiq/www/wordpress/wp-content/themes/bacola/includes/class-tgm-plugin-activation.php(2977): TGMPA_Bulk_Installer->bulk_install(Array)
#6 /Users/ilhamtaufiq/www/wordpress/wp-content/themes/bacola/includes/class-tgm-plugin-activation.php(743): TGMPA_List_Table->process_bulk_actions()
#7 /Users/ilhamtaufiq/www/wordpress/wp-includes/class-wp-hook.php(307): TGM_Plugin_Activation->install_plugins_page('')
#8 /Users/ilhamtaufiq/www/wordpress/wp-includes/class-wp-hook.php(331): WP_Hook->apply_filters('', Array)
#9 /Users/ilhamtaufiq/www/wordpress/wp-includes/plugin.php(476): WP_Hook->do_action(Array)
#10 /Users/ilhamtaufiq/www/wordpress/wp-admin/admin.php(259): do_action('appearance_page...')
#11 /Users/ilhamtaufiq/www/wordpress/wp-admin/themes.php(10): require_once('/Users/ilhamtau...')
#12 {main}
  thrown in /Users/ilhamtaufiq/www/wordpress/wp-admin/includes/class-bulk-upgrader-skin.php on line 156

2022-08-06T14:06:21+00:00 CRITICAL Uncaught ArgumentCountError: 3 arguments are required, 2 given in /Users/ilhamtaufiq/www/wordpress/wp-admin/includes/class-bulk-upgrader-skin.php:156
Stack trace:
#0 /Users/ilhamtaufiq/www/wordpress/wp-admin/includes/class-bulk-upgrader-skin.php(156): sprintf('%1$s installed ...', 'Meta Box')
#1 /Users/ilhamtaufiq/www/wordpress/wp-content/themes/bacola/includes/class-tgm-plugin-activation.php(3638): Bulk_Upgrader_Skin->after('Meta Box')
#2 /Users/ilhamtaufiq/www/wordpress/wp-admin/includes/class-wp-upgrader.php(824): TGMPA_Bulk_Installer_Skin->after()
#3 /Users/ilhamtaufiq/www/wordpress/wp-content/themes/bacola/includes/class-tgm-plugin-activation.php(3258): WP_Upgrader->run(Array)
#4 /Users/ilhamtaufiq/www/wordpress/wp-content/themes/bacola/includes/class-tgm-plugin-activation.php(3371): TGMPA_Bulk_Installer->run(Array)
#5 /Users/ilhamtaufiq/www/wordpress/wp-content/themes/bacola/includes/class-tgm-plugin-activation.php(2977): TGMPA_Bulk_Installer->bulk_install(Array)
#6 /Users/ilhamtaufiq/www/wordpress/wp-content/themes/bacola/includes/class-tgm-plugin-activation.php(743): TGMPA_List_Table->process_bulk_actions()
#7 /Users/ilhamtaufiq/www/wordpress/wp-includes/class-wp-hook.php(307): TGM_Plugin_Activation->install_plugins_page('')
#8 /Users/ilhamtaufiq/www/wordpress/wp-includes/class-wp-hook.php(331): WP_Hook->apply_filters('', Array)
#9 /Users/ilhamtaufiq/www/wordpress/wp-includes/plugin.php(476): WP_Hook->do_action(Array)
#10 /Users/ilhamtaufiq/www/wordpress/wp-admin/admin.php(259): do_action('appearance_page...')
#11 /Users/ilhamtaufiq/www/wordpress/wp-admin/themes.php(10): require_once('/Users/ilhamtau...')
#12 {main}
  thrown in /Users/ilhamtaufiq/www/wordpress/wp-admin/includes/class-bulk-upgrader-skin.php on line 156

2022-08-06T14:06:50+00:00 CRITICAL Uncaught ArgumentCountError: 3 arguments are required, 2 given in /Users/ilhamtaufiq/www/wordpress/wp-admin/includes/class-bulk-upgrader-skin.php:156
Stack trace:
#0 /Users/ilhamtaufiq/www/wordpress/wp-admin/includes/class-bulk-upgrader-skin.php(156): sprintf('%1$s installed ...', 'Variation Swatc...')
#1 /Users/ilhamtaufiq/www/wordpress/wp-content/themes/bacola/includes/class-tgm-plugin-activation.php(3638): Bulk_Upgrader_Skin->after('Variation Swatc...')
#2 /Users/ilhamtaufiq/www/wordpress/wp-admin/includes/class-wp-upgrader.php(824): TGMPA_Bulk_Installer_Skin->after()
#3 /Users/ilhamtaufiq/www/wordpress/wp-content/themes/bacola/includes/class-tgm-plugin-activation.php(3258): WP_Upgrader->run(Array)
#4 /Users/ilhamtaufiq/www/wordpress/wp-content/themes/bacola/includes/class-tgm-plugin-activation.php(3371): TGMPA_Bulk_Installer->run(Array)
#5 /Users/ilhamtaufiq/www/wordpress/wp-content/themes/bacola/includes/class-tgm-plugin-activation.php(2977): TGMPA_Bulk_Installer->bulk_install(Array)
#6 /Users/ilhamtaufiq/www/wordpress/wp-content/themes/bacola/includes/class-tgm-plugin-activation.php(743): TGMPA_List_Table->process_bulk_actions()
#7 /Users/ilhamtaufiq/www/wordpress/wp-includes/class-wp-hook.php(307): TGM_Plugin_Activation->install_plugins_page('')
#8 /Users/ilhamtaufiq/www/wordpress/wp-includes/class-wp-hook.php(331): WP_Hook->apply_filters('', Array)
#9 /Users/ilhamtaufiq/www/wordpress/wp-includes/plugin.php(476): WP_Hook->do_action(Array)
#10 /Users/ilhamtaufiq/www/wordpress/wp-admin/admin.php(259): do_action('appearance_page...')
#11 /Users/ilhamtaufiq/www/wordpress/wp-admin/themes.php(10): require_once('/Users/ilhamtau...')
#12 {main}
  thrown in /Users/ilhamtaufiq/www/wordpress/wp-admin/includes/class-bulk-upgrader-skin.php on line 156

2022-08-06T14:07:15+00:00 CRITICAL Uncaught ArgumentCountError: 3 arguments are required, 2 given in /Users/ilhamtaufiq/www/wordpress/wp-admin/includes/class-bulk-upgrader-skin.php:156
Stack trace:
#0 /Users/ilhamtaufiq/www/wordpress/wp-admin/includes/class-bulk-upgrader-skin.php(156): sprintf('%1$s installed ...', 'WP Ajax Search')
#1 /Users/ilhamtaufiq/www/wordpress/wp-content/themes/bacola/includes/class-tgm-plugin-activation.php(3638): Bulk_Upgrader_Skin->after('WP Ajax Search')
#2 /Users/ilhamtaufiq/www/wordpress/wp-admin/includes/class-wp-upgrader.php(824): TGMPA_Bulk_Installer_Skin->after()
#3 /Users/ilhamtaufiq/www/wordpress/wp-content/themes/bacola/includes/class-tgm-plugin-activation.php(3258): WP_Upgrader->run(Array)
#4 /Users/ilhamtaufiq/www/wordpress/wp-content/themes/bacola/includes/class-tgm-plugin-activation.php(3371): TGMPA_Bulk_Installer->run(Array)
#5 /Users/ilhamtaufiq/www/wordpress/wp-content/themes/bacola/includes/class-tgm-plugin-activation.php(2977): TGMPA_Bulk_Installer->bulk_install(Array)
#6 /Users/ilhamtaufiq/www/wordpress/wp-content/themes/bacola/includes/class-tgm-plugin-activation.php(743): TGMPA_List_Table->process_bulk_actions()
#7 /Users/ilhamtaufiq/www/wordpress/wp-includes/class-wp-hook.php(307): TGM_Plugin_Activation->install_plugins_page('')
#8 /Users/ilhamtaufiq/www/wordpress/wp-includes/class-wp-hook.php(331): WP_Hook->apply_filters('', Array)
#9 /Users/ilhamtaufiq/www/wordpress/wp-includes/plugin.php(476): WP_Hook->do_action(Array)
#10 /Users/ilhamtaufiq/www/wordpress/wp-admin/admin.php(259): do_action('appearance_page...')
#11 /Users/ilhamtaufiq/www/wordpress/wp-admin/themes.php(10): require_once('/Users/ilhamtau...')
#12 {main}
  thrown in /Users/ilhamtaufiq/www/wordpress/wp-admin/includes/class-bulk-upgrader-skin.php on line 156

2022-08-06T14:07:53+00:00 CRITICAL Uncaught ArgumentCountError: 3 arguments are required, 2 given in /Users/ilhamtaufiq/www/wordpress/wp-admin/includes/class-bulk-upgrader-skin.php:156
Stack trace:
#0 /Users/ilhamtaufiq/www/wordpress/wp-admin/includes/class-bulk-upgrader-skin.php(156): sprintf('%1$s installed ...', 'WooCommerce Wis...')
#1 /Users/ilhamtaufiq/www/wordpress/wp-content/themes/bacola/includes/class-tgm-plugin-activation.php(3638): Bulk_Upgrader_Skin->after('WooCommerce Wis...')
#2 /Users/ilhamtaufiq/www/wordpress/wp-admin/includes/class-wp-upgrader.php(824): TGMPA_Bulk_Installer_Skin->after()
#3 /Users/ilhamtaufiq/www/wordpress/wp-content/themes/bacola/includes/class-tgm-plugin-activation.php(3258): WP_Upgrader->run(Array)
#4 /Users/ilhamtaufiq/www/wordpress/wp-content/themes/bacola/includes/class-tgm-plugin-activation.php(3371): TGMPA_Bulk_Installer->run(Array)
#5 /Users/ilhamtaufiq/www/wordpress/wp-content/themes/bacola/includes/class-tgm-plugin-activation.php(2977): TGMPA_Bulk_Installer->bulk_install(Array)
#6 /Users/ilhamtaufiq/www/wordpress/wp-content/themes/bacola/includes/class-tgm-plugin-activation.php(743): TGMPA_List_Table->process_bulk_actions()
#7 /Users/ilhamtaufiq/www/wordpress/wp-includes/class-wp-hook.php(307): TGM_Plugin_Activation->install_plugins_page('')
#8 /Users/ilhamtaufiq/www/wordpress/wp-includes/class-wp-hook.php(331): WP_Hook->apply_filters('', Array)
#9 /Users/ilhamtaufiq/www/wordpress/wp-includes/plugin.php(476): WP_Hook->do_action(Array)
#10 /Users/ilhamtaufiq/www/wordpress/wp-admin/admin.php(259): do_action('appearance_page...')
#11 /Users/ilhamtaufiq/www/wordpress/wp-admin/themes.php(10): require_once('/Users/ilhamtau...')
#12 {main}
  thrown in /Users/ilhamtaufiq/www/wordpress/wp-admin/includes/class-bulk-upgrader-skin.php on line 156

2022-08-06T14:30:28+00:00 CRITICAL Uncaught ArgumentCountError: 3 arguments are required, 2 given in /Users/ilhamtaufiq/www/wordpress/wp-admin/includes/class-bulk-upgrader-skin.php:156
Stack trace:
#0 /Users/ilhamtaufiq/www/wordpress/wp-admin/includes/class-bulk-upgrader-skin.php(156): sprintf('%1$s installed ...', 'Envato Market')
#1 /Users/ilhamtaufiq/www/wordpress/wp-content/themes/bacola/includes/class-tgm-plugin-activation.php(3638): Bulk_Upgrader_Skin->after('Envato Market')
#2 /Users/ilhamtaufiq/www/wordpress/wp-admin/includes/class-wp-upgrader.php(824): TGMPA_Bulk_Installer_Skin->after()
#3 /Users/ilhamtaufiq/www/wordpress/wp-content/themes/bacola/includes/class-tgm-plugin-activation.php(3258): WP_Upgrader->run(Array)
#4 /Users/ilhamtaufiq/www/wordpress/wp-content/themes/bacola/includes/class-tgm-plugin-activation.php(3371): TGMPA_Bulk_Installer->run(Array)
#5 /Users/ilhamtaufiq/www/wordpress/wp-content/themes/bacola/includes/class-tgm-plugin-activation.php(2977): TGMPA_Bulk_Installer->bulk_install(Array)
#6 /Users/ilhamtaufiq/www/wordpress/wp-content/themes/bacola/includes/class-tgm-plugin-activation.php(743): TGMPA_List_Table->process_bulk_actions()
#7 /Users/ilhamtaufiq/www/wordpress/wp-includes/class-wp-hook.php(307): TGM_Plugin_Activation->install_plugins_page('')
#8 /Users/ilhamtaufiq/www/wordpress/wp-includes/class-wp-hook.php(331): WP_Hook->apply_filters('', Array)
#9 /Users/ilhamtaufiq/www/wordpress/wp-includes/plugin.php(476): WP_Hook->do_action(Array)
#10 /Users/ilhamtaufiq/www/wordpress/wp-admin/admin.php(259): do_action('appearance_page...')
#11 /Users/ilhamtaufiq/www/wordpress/wp-admin/themes.php(10): require_once('/Users/ilhamtau...')
#12 {main}
  thrown in /Users/ilhamtaufiq/www/wordpress/wp-admin/includes/class-bulk-upgrader-skin.php on line 156

